c:\users\shane\documents\visual studio 2013\projects\cppfinal1\cppfinal1\debug\vc120.pdb
c:\users\shane\documents\visual studio 2013\projects\cppfinal1\cppfinal1\debug\vc120.idb
c:\users\shane\documents\visual studio 2013\projects\cppfinal1\cppfinal1\debug\date.nativecodeanalysis.xml
c:\users\shane\documents\visual studio 2013\projects\cppfinal1\cppfinal1\debug\linklist.nativecodeanalysis.xml
c:\users\shane\documents\visual studio 2013\projects\cppfinal1\cppfinal1\debug\main.nativecodeanalysis.xml
c:\users\shane\documents\visual studio 2013\projects\cppfinal1\cppfinal1\debug\main.obj
c:\users\shane\documents\visual studio 2013\projects\cppfinal1\cppfinal1\debug\linklist.obj
c:\users\shane\documents\visual studio 2013\projects\cppfinal1\cppfinal1\debug\date.obj
c:\users\shane\documents\visual studio 2013\projects\cppfinal1\debug\cppfinal1.ilk
c:\users\shane\documents\visual studio 2013\projects\cppfinal1\debug\cppfinal1.exe
c:\users\shane\documents\visual studio 2013\projects\cppfinal1\debug\cppfinal1.pdb
c:\users\shane\documents\visual studio 2013\projects\cppfinal1\cppfinal1\debug\nativecodeanalysis.read.1.tlog
c:\users\shane\documents\visual studio 2013\projects\cppfinal1\cppfinal1\debug\vc.nativecodeanalysis.all.xml
c:\users\shane\documents\visual studio 2013\projects\cppfinal1\debug\cppfinal1.exe.lastcodeanalysissucceeded
c:\users\shane\documents\visual studio 2013\projects\cppfinal1\cppfinal1\debug\cppfinal1.tlog\cl.command.1.tlog
c:\users\shane\documents\visual studio 2013\projects\cppfinal1\cppfinal1\debug\cppfinal1.tlog\cl.read.1.tlog
c:\users\shane\documents\visual studio 2013\projects\cppfinal1\cppfinal1\debug\cppfinal1.tlog\cl.write.1.tlog
c:\users\shane\documents\visual studio 2013\projects\cppfinal1\cppfinal1\debug\cppfinal1.tlog\link.command.1.tlog
c:\users\shane\documents\visual studio 2013\projects\cppfinal1\cppfinal1\debug\cppfinal1.tlog\link.read.1.tlog
c:\users\shane\documents\visual studio 2013\projects\cppfinal1\cppfinal1\debug\cppfinal1.tlog\link.write.1.tlog
